<?xml version="1.0" encoding="UTF-8"?>
<!-- Generated by org.testng.reporters.JUnitXMLReporter -->
<testsuite hostname="LTPCHE102076955" ignored="1" name="Test" tests="2" failures="0" timestamp="2020-07-21T16:21:45 IST" time="64.252" errors="0">
  <testcase name="TC_01_Verify_LaunchApp" time="61.805" classname="com.mobileAuto.Common"/>
  <testcase name="TC_03_Verify_CloseApp_is_successful" time="0.504" classname="com.mobileAuto.MobileAutomation"/>
  <testcase name="TC_01_Verify_LaunchApp" time="0.0" classname="com.mobileAuto.Common">
    <ignored/>
  </testcase> <!-- TC_01_Verify_LaunchApp -->
</testsuite> <!-- Test -->
