<?xml version="1.0" encoding="UTF-8"?>
<testng-results skipped="0" failed="0" ignored="1" total="3" passed="2">
  <reporter-output>
  </reporter-output>
  <suite name="Suite" duration-ms="64252" started-at="2020-07-21T16:20:41 IST" finished-at="2020-07-21T16:21:45 IST">
    <groups>
    </groups>
    <test name="Test" duration-ms="64252" started-at="2020-07-21T16:20:41 IST" finished-at="2020-07-21T16:21:45 IST">
      <class name="com.mobileAuto.MobileAutomation">
        <test-method status="PASS" signature="TC_03_Verify_CloseApp_is_successful()[pri:0, instance:com.mobileAuto.MobileAutomation@70be0a2b]" name="TC_03_Verify_CloseApp_is_successful" duration-ms="504" started-at="2020-07-21T16:21:44 IST" finished-at="2020-07-21T16:21:44 IST">
          <reporter-output>
          </reporter-output>
        </test-method> <!-- TC_03_Verify_CloseApp_is_successful -->
      </class> <!-- com.mobileAuto.MobileAutomation -->
      <class name="com.mobileAuto.Common">
        <test-method status="PASS" signature="TC_01_Verify_LaunchApp()[pri:0, instance:com.mobileAuto.Common@f8c1ddd]" name="TC_01_Verify_LaunchApp" duration-ms="61805" started-at="2020-07-21T16:20:41 IST" finished-at="2020-07-21T16:21:43 IST">
          <reporter-output>
          </reporter-output>
        </test-method> <!-- TC_01_Verify_LaunchApp -->
      </class> <!-- com.mobileAuto.Common -->
    </test> <!-- Test -->
  </suite> <!-- Suite -->
</testng-results>
